# JRE version: OpenJDK Runtime Environment (8.0_202-b03) (build 1.8.0_202-release-1483-b03)
# Java VM: OpenJDK 64-Bit Server VM (25.202-b03 mixed mode windows-amd64 compressed oops)
Heap:
 PSYoungGen      total 301568K, used 234847K [0x00000000e0000000, 0x00000000f4e80000, 0x0000000100000000)
  eden space 275968K, 75% used [0x00000000e0000000,0x00000000eccbe8c8,0x00000000f0d80000)
  from space 25600K, 98% used [0x00000000f1700000,0x00000000f2f99580,0x00000000f3000000)
  to   space 31232K, 0% used [0x00000000f3000000,0x00000000f3000000,0x00000000f4e80000)
 ParOldGen       total 162816K, used 37174K [0x00000000a0000000, 0x00000000a9f00000, 0x00000000e0000000)
  object space 162816K, 22% used [0x00000000a0000000,0x00000000a244d8c8,0x00000000a9f00000)
 Metaspace       used 78599K, capacity 82620K, committed 82648K, reserved 1120256K
  class space    used 10221K, capacity 11008K, committed 11008K, reserved 1048576K
GC Heap History (10 events):
Event: 7.891 GC heap before
{Heap before GC invocations=10 (full 2):
 PSYoungGen      total 202240K, used 177271K [0x00000000e0000000, 0x00000000f2580000, 0x0000000100000000)
  eden space 186368K, 86% used [0x00000000e0000000,0x00000000e9da48b0,0x00000000eb600000)
  from space 15872K, 99% used [0x00000000eb600000,0x00000000ec579438,0x00000000ec580000)
  to   space 22016K, 0% used [0x00000000f1000000,0x00000000f1000000,0x00000000f2580000)
 ParOldGen       total 109568K, used 24304K [0x00000000a0000000, 0x00000000a6b00000, 0x00000000e0000000)
  object space 109568K, 22% used [0x00000000a0000000,0x00000000a17bc138,0x00000000a6b00000)
 Metaspace       used 57391K, capacity 58958K, committed 59028K, reserved 1099776K
  class space    used 7712K, capacity 8139K, committed 8192K, reserved 1048576K
Event: 7.929 GC heap after
Heap after GC invocations=10 (full 2):
 PSYoungGen      total 274432K, used 21986K [0x00000000e0000000, 0x00000000f3880000, 0x0000000100000000)
  eden space 252416K, 0% used [0x00000000e0000000,0x00000000e0000000,0x00000000ef680000)
  from space 22016K, 99% used [0x00000000f1000000,0x00000000f2578a00,0x00000000f2580000)
  to   space 26112K, 0% used [0x00000000ef680000,0x00000000ef680000,0x00000000f1000000)
 ParOldGen       total 109568K, used 25588K [0x00000000a0000000, 0x00000000a6b00000, 0x00000000e0000000)
  object space 109568K, 23% used [0x00000000a0000000,0x00000000a18fd130,0x00000000a6b00000)
 Metaspace       used 57391K, capacity 58958K, committed 59028K, reserved 1099776K
  class space    used 7712K, capacity 8139K, committed 8192K, reserved 1048576K
}
Event: 7.929 GC heap before
{Heap before GC invocations=11 (full 3):
 PSYoungGen      total 274432K, used 21986K [0x00000000e0000000, 0x00000000f3880000, 0x0000000100000000)
  eden space 252416K, 0% used [0x00000000e0000000,0x00000000e0000000,0x00000000ef680000)
  from space 22016K, 99% used [0x00000000f1000000,0x00000000f2578a00,0x00000000f2580000)
  to   space 26112K, 0% used [0x00000000ef680000,0x00000000ef680000,0x00000000f1000000)
 ParOldGen       total 109568K, used 25588K [0x00000000a0000000, 0x00000000a6b00000, 0x00000000e0000000)
  object space 109568K, 23% used [0x00000000a0000000,0x00000000a18fd130,0x00000000a6b00000)
 Metaspace       used 57391K, capacity 58958K, committed 59028K, reserved 1099776K
  class space    used 7712K, capacity 8139K, committed 8192K, reserved 1048576K
Event: 8.161 GC heap after
Heap after GC invocations=11 (full 3):
 PSYoungGen      total 274432K, used 0K [0x00000000e0000000, 0x00000000f3880000, 0x0000000100000000)
  eden space 252416K, 0% used [0x00000000e0000000,0x00000000e0000000,0x00000000ef680000)
  from space 22016K, 0% used [0x00000000f1000000,0x00000000f1000000,0x00000000f2580000)
  to   space 26112K, 0% used [0x00000000ef680000,0x00000000ef680000,0x00000000f1000000)
 ParOldGen       total 162816K, used 37086K [0x00000000a0000000, 0x00000000a9f00000, 0x00000000e0000000)
  object space 162816K, 22% used [0x00000000a0000000,0x00000000a24378b8,0x00000000a9f00000)
 Metaspace       used 57391K, capacity 58958K, committed 59028K, reserved 1099776K
  class space    used 7712K, capacity 8139K, committed 8192K, reserved 1048576K
}
Event: 24.670 GC heap before
{Heap before GC invocations=12 (full 3):
 PSYoungGen      total 274432K, used 252416K [0x00000000e0000000, 0x00000000f3880000, 0x0000000100000000)
  eden space 252416K, 100% used [0x00000000e0000000,0x00000000ef680000,0x00000000ef680000)
  from space 22016K, 0% used [0x00000000f1000000,0x00000000f1000000,0x00000000f2580000)
  to   space 26112K, 0% used [0x00000000ef680000,0x00000000ef680000,0x00000000f1000000)
 ParOldGen       total 162816K, used 37086K [0x00000000a0000000, 0x00000000a9f00000, 0x00000000e0000000)
  object space 162816K, 22% used [0x00000000a0000000,0x00000000a24378b8,0x00000000a9f00000)
 Metaspace       used 68839K, capacity 71554K, committed 71768K, reserved 1112064K
  class space    used 9198K, capacity 9797K, committed 9856K, reserved 1048576K
Event: 24.688 GC heap after
Heap after GC invocations=12 (full 3):
 PSYoungGen      total 278528K, used 20712K [0x00000000e0000000, 0x00000000f5580000, 0x0000000100000000)
  eden space 252416K, 0% used [0x00000000e0000000,0x00000000e0000000,0x00000000ef680000)
  from space 26112K, 79% used [0x00000000ef680000,0x00000000f0aba1d0,0x00000000f1000000)
  to   space 28160K, 0% used [0x00000000f3a00000,0x00000000f3a00000,0x00000000f5580000)
 ParOldGen       total 162816K, used 37158K [0x00000000a0000000, 0x00000000a9f00000, 0x00000000e0000000)
  object space 162816K, 22% used [0x00000000a0000000,0x00000000a24498c8,0x00000000a9f00000)
 Metaspace       used 68839K, capacity 71554K, committed 71768K, reserved 1112064K
  class space    used 9198K, capacity 9797K, committed 9856K, reserved 1048576K
}
Event: 71.146 GC heap before
{Heap before GC invocations=13 (full 3):
 PSYoungGen      total 278528K, used 273128K [0x00000000e0000000, 0x00000000f5580000, 0x0000000100000000)
  eden space 252416K, 100% used [0x00000000e0000000,0x00000000ef680000,0x00000000ef680000)
  from space 26112K, 79% used [0x00000000ef680000,0x00000000f0aba1d0,0x00000000f1000000)
  to   space 28160K, 0% used [0x00000000f3a00000,0x00000000f3a00000,0x00000000f5580000)
 ParOldGen       total 162816K, used 37158K [0x00000000a0000000, 0x00000000a9f00000, 0x00000000e0000000)
  object space 162816K, 22% used [0x00000000a0000000,0x00000000a24498c8,0x00000000a9f00000)
 Metaspace       used 75789K, capacity 79262K, committed 79576K, reserved 1118208K
  class space    used 9972K, capacity 10654K, committed 10752K, reserved 1048576K
Event: 71.168 GC heap after
Heap after GC invocations=13 (full 3):
 PSYoungGen      total 311296K, used 24822K [0x00000000e0000000, 0x00000000f5300000, 0x0000000100000000)
  eden space 285696K, 0% used [0x00000000e0000000,0x00000000e0000000,0x00000000f1700000)
  from space 25600K, 96% used [0x00000000f3a00000,0x00000000f523da30,0x00000000f5300000)
  to   space 30720K, 0% used [0x00000000f1700000,0x00000000f1700000,0x00000000f3500000)
 ParOldGen       total 162816K, used 37166K [0x00000000a0000000, 0x00000000a9f00000, 0x00000000e0000000)
  object space 162816K, 22% used [0x00000000a0000000,0x00000000a244b8c8,0x00000000a9f00000)
 Metaspace       used 75789K, capacity 79262K, committed 79576K, reserved 1118208K
  class space    used 9972K, capacity 10654K, committed 10752K, reserved 1048576K
}
Event: 2428.206 GC heap before
{Heap before GC invocations=14 (full 3):
 PSYoungGen      total 311296K, used 310518K [0x00000000e0000000, 0x00000000f5300000, 0x0000000100000000)
  eden space 285696K, 100% used [0x00000000e0000000,0x00000000f1700000,0x00000000f1700000)
  from space 25600K, 96% used [0x00000000f3a00000,0x00000000f523da30,0x00000000f5300000)
  to   space 30720K, 0% used [0x00000000f1700000,0x00000000f1700000,0x00000000f3500000)
 ParOldGen       total 162816K, used 37166K [0x00000000a0000000, 0x00000000a9f00000, 0x00000000e0000000)
  object space 162816K, 22% used [0x00000000a0000000,0x00000000a244b8c8,0x00000000a9f00000)
 Metaspace       used 76942K, capacity 80756K, committed 80984K, reserved 1120256K
  class space    used 10048K, capacity 10786K, committed 10880K, reserved 1048576K
Event: 2430.582 GC heap after
Heap after GC invocations=14 (full 3):
 PSYoungGen      total 301568K, used 25189K [0x00000000e0000000, 0x00000000f4e80000, 0x0000000100000000)
  eden space 275968K, 0% used [0x00000000e0000000,0x00000000e0000000,0x00000000f0d80000)
  from space 25600K, 98% used [0x00000000f1700000,0x00000000f2f99580,0x00000000f3000000)
  to   space 31232K, 0% used [0x00000000f3000000,0x00000000f3000000,0x00000000f4e80000)
 ParOldGen       total 162816K, used 37174K [0x00000000a0000000, 0x00000000a9f00000, 0x00000000e0000000)
  object space 162816K, 22% used [0x00000000a0000000,0x00000000a244d8c8,0x00000000a9f00000)
 Metaspace       used 76942K, capacity 80756K, committed 80984K, reserved 1120256K
  class space    used 10048K, capacity 10786K, committed 10880K, reserved 1048576K
}

