# JRE version: OpenJDK Runtime Environment (8.0_202-b03) (build 1.8.0_202-release-1483-b03)
# Java VM: OpenJDK 64-Bit Server VM (25.202-b03 mixed mode windows-amd64 compressed oops)
Heap:
 PSYoungGen      total 205824K, used 147920K [0x00000000e0000000, 0x00000000ee680000, 0x0000000100000000)
  eden space 188416K, 78% used [0x00000000e0000000,0x00000000e90743c0,0x00000000eb800000)
  from space 17408K, 0% used [0x00000000ecd80000,0x00000000ecd80000,0x00000000ede80000)
  to   space 22016K, 0% used [0x00000000eb800000,0x00000000eb800000,0x00000000ecd80000)
 ParOldGen       total 154112K, used 38720K [0x00000000a0000000, 0x00000000a9680000, 0x00000000e0000000)
  object space 154112K, 25% used [0x00000000a0000000,0x00000000a25d0308,0x00000000a9680000)
 Metaspace       used 61911K, capacity 64215K, committed 64280K, reserved 1105920K
  class space    used 8447K, capacity 8978K, committed 9000K, reserved 1048576K
GC Heap History (10 events):
Event: 2.989 GC heap before
{Heap before GC invocations=9 (full 1):
 PSYoungGen      total 139264K, used 32132K [0x00000000e0000000, 0x00000000eb000000, 0x0000000100000000)
  eden space 127488K, 16% used [0x00000000e0000000,0x00000000e145d4f0,0x00000000e7c80000)
  from space 11776K, 95% used [0x00000000e7c80000,0x00000000e8783d10,0x00000000e8800000)
  to   space 13312K, 0% used [0x00000000ea300000,0x00000000ea300000,0x00000000eb000000)
 ParOldGen       total 66048K, used 10933K [0x00000000a0000000, 0x00000000a4080000, 0x00000000e0000000)
  object space 66048K, 16% used [0x00000000a0000000,0x00000000a0aad620,0x00000000a4080000)
 Metaspace       used 34670K, capacity 35462K, committed 35496K, reserved 1079296K
  class space    used 4791K, capacity 5002K, committed 5032K, reserved 1048576K
Event: 2.998 GC heap after
Heap after GC invocations=9 (full 1):
 PSYoungGen      total 166912K, used 9302K [0x00000000e0000000, 0x00000000ee600000, 0x0000000100000000)
  eden space 153600K, 0% used [0x00000000e0000000,0x00000000e0000000,0x00000000e9600000)
  from space 13312K, 69% used [0x00000000ea300000,0x00000000eac15880,0x00000000eb000000)
  to   space 13312K, 0% used [0x00000000e9600000,0x00000000e9600000,0x00000000ea300000)
 ParOldGen       total 66048K, used 10941K [0x00000000a0000000, 0x00000000a4080000, 0x00000000e0000000)
  object space 66048K, 16% used [0x00000000a0000000,0x00000000a0aaf620,0x00000000a4080000)
 Metaspace       used 34670K, capacity 35462K, committed 35496K, reserved 1079296K
  class space    used 4791K, capacity 5002K, committed 5032K, reserved 1048576K
}
Event: 2.998 GC heap before
{Heap before GC invocations=10 (full 2):
 PSYoungGen      total 166912K, used 9302K [0x00000000e0000000, 0x00000000ee600000, 0x0000000100000000)
  eden space 153600K, 0% used [0x00000000e0000000,0x00000000e0000000,0x00000000e9600000)
  from space 13312K, 69% used [0x00000000ea300000,0x00000000eac15880,0x00000000eb000000)
  to   space 13312K, 0% used [0x00000000e9600000,0x00000000e9600000,0x00000000ea300000)
 ParOldGen       total 66048K, used 10941K [0x00000000a0000000, 0x00000000a4080000, 0x00000000e0000000)
  object space 66048K, 16% used [0x00000000a0000000,0x00000000a0aaf620,0x00000000a4080000)
 Metaspace       used 34670K, capacity 35462K, committed 35496K, reserved 1079296K
  class space    used 4791K, capacity 5002K, committed 5032K, reserved 1048576K
Event: 3.058 GC heap after
Heap after GC invocations=10 (full 2):
 PSYoungGen      total 166912K, used 0K [0x00000000e0000000, 0x00000000ee600000, 0x0000000100000000)
  eden space 153600K, 0% used [0x00000000e0000000,0x00000000e0000000,0x00000000e9600000)
  from space 13312K, 0% used [0x00000000ea300000,0x00000000ea300000,0x00000000eb000000)
  to   space 13312K, 0% used [0x00000000e9600000,0x00000000e9600000,0x00000000ea300000)
 ParOldGen       total 97280K, used 16170K [0x00000000a0000000, 0x00000000a5f00000, 0x00000000e0000000)
  object space 97280K, 16% used [0x00000000a0000000,0x00000000a0fca958,0x00000000a5f00000)
 Metaspace       used 34648K, capacity 35390K, committed 35496K, reserved 1079296K
  class space    used 4785K, capacity 4990K, committed 5032K, reserved 1048576K
}
Event: 4.117 GC heap before
{Heap before GC invocations=11 (full 2):
 PSYoungGen      total 166912K, used 153600K [0x00000000e0000000, 0x00000000ee600000, 0x0000000100000000)
  eden space 153600K, 100% used [0x00000000e0000000,0x00000000e9600000,0x00000000e9600000)
  from space 13312K, 0% used [0x00000000ea300000,0x00000000ea300000,0x00000000eb000000)
  to   space 13312K, 0% used [0x00000000e9600000,0x00000000e9600000,0x00000000ea300000)
 ParOldGen       total 97280K, used 16170K [0x00000000a0000000, 0x00000000a5f00000, 0x00000000e0000000)
  object space 97280K, 16% used [0x00000000a0000000,0x00000000a0fca958,0x00000000a5f00000)
 Metaspace       used 48421K, capacity 49706K, committed 49960K, reserved 1091584K
  class space    used 6546K, capacity 6914K, committed 6952K, reserved 1048576K
Event: 4.132 GC heap after
Heap after GC invocations=11 (full 2):
 PSYoungGen      total 166912K, used 13295K [0x00000000e0000000, 0x00000000ede80000, 0x0000000100000000)
  eden space 153600K, 0% used [0x00000000e0000000,0x00000000e0000000,0x00000000e9600000)
  from space 13312K, 99% used [0x00000000e9600000,0x00000000ea2fbea0,0x00000000ea300000)
  to   space 17408K, 0% used [0x00000000ecd80000,0x00000000ecd80000,0x00000000ede80000)
 ParOldGen       total 97280K, used 21681K [0x00000000a0000000, 0x00000000a5f00000, 0x00000000e0000000)
  object space 97280K, 22% used [0x00000000a0000000,0x00000000a152c658,0x00000000a5f00000)
 Metaspace       used 48421K, capacity 49706K, committed 49960K, reserved 1091584K
  class space    used 6546K, capacity 6914K, committed 6952K, reserved 1048576K
}
Event: 5.170 GC heap before
{Heap before GC invocations=12 (full 2):
 PSYoungGen      total 166912K, used 152724K [0x00000000e0000000, 0x00000000ede80000, 0x0000000100000000)
  eden space 153600K, 90% used [0x00000000e0000000,0x00000000e88291d8,0x00000000e9600000)
  from space 13312K, 99% used [0x00000000e9600000,0x00000000ea2fbea0,0x00000000ea300000)
  to   space 17408K, 0% used [0x00000000ecd80000,0x00000000ecd80000,0x00000000ede80000)
 ParOldGen       total 97280K, used 21681K [0x00000000a0000000, 0x00000000a5f00000, 0x00000000e0000000)
  object space 97280K, 22% used [0x00000000a0000000,0x00000000a152c658,0x00000000a5f00000)
 Metaspace       used 57452K, capacity 59017K, committed 59160K, reserved 1099776K
  class space    used 7827K, capacity 8232K, committed 8232K, reserved 1048576K
Event: 5.188 GC heap after
Heap after GC invocations=12 (full 2):
 PSYoungGen      total 205824K, used 17378K [0x00000000e0000000, 0x00000000ee680000, 0x0000000100000000)
  eden space 188416K, 0% used [0x00000000e0000000,0x00000000e0000000,0x00000000eb800000)
  from space 17408K, 99% used [0x00000000ecd80000,0x00000000ede78b38,0x00000000ede80000)
  to   space 22016K, 0% used [0x00000000eb800000,0x00000000eb800000,0x00000000ecd80000)
 ParOldGen       total 97280K, used 28403K [0x00000000a0000000, 0x00000000a5f00000, 0x00000000e0000000)
  object space 97280K, 29% used [0x00000000a0000000,0x00000000a1bbcc48,0x00000000a5f00000)
 Metaspace       used 57452K, capacity 59017K, committed 59160K, reserved 1099776K
  class space    used 7827K, capacity 8232K, committed 8232K, reserved 1048576K
}
Event: 5.188 GC heap before
{Heap before GC invocations=13 (full 3):
 PSYoungGen      total 205824K, used 17378K [0x00000000e0000000, 0x00000000ee680000, 0x0000000100000000)
  eden space 188416K, 0% used [0x00000000e0000000,0x00000000e0000000,0x00000000eb800000)
  from space 17408K, 99% used [0x00000000ecd80000,0x00000000ede78b38,0x00000000ede80000)
  to   space 22016K, 0% used [0x00000000eb800000,0x00000000eb800000,0x00000000ecd80000)
 ParOldGen       total 97280K, used 28403K [0x00000000a0000000, 0x00000000a5f00000, 0x00000000e0000000)
  object space 97280K, 29% used [0x00000000a0000000,0x00000000a1bbcc48,0x00000000a5f00000)
 Metaspace       used 57452K, capacity 59017K, committed 59160K, reserved 1099776K
  class space    used 7827K, capacity 8232K, committed 8232K, reserved 1048576K
Event: 5.376 GC heap after
Heap after GC invocations=13 (full 3):
 PSYoungGen      total 205824K, used 0K [0x00000000e0000000, 0x00000000ee680000, 0x0000000100000000)
  eden space 188416K, 0% used [0x00000000e0000000,0x00000000e0000000,0x00000000eb800000)
  from space 17408K, 0% used [0x00000000ecd80000,0x00000000ecd80000,0x00000000ede80000)
  to   space 22016K, 0% used [0x00000000eb800000,0x00000000eb800000,0x00000000ecd80000)
 ParOldGen       total 154112K, used 38720K [0x00000000a0000000, 0x00000000a9680000, 0x00000000e0000000)
  object space 154112K, 25% used [0x00000000a0000000,0x00000000a25d0308,0x00000000a9680000)
 Metaspace       used 57452K, capacity 59017K, committed 59160K, reserved 1099776K
  class space    used 7827K, capacity 8232K, committed 8232K, reserved 1048576K
}

