# JRE version: OpenJDK Runtime Environment (8.0_202-b03) (build 1.8.0_202-release-1483-b03)
# Java VM: OpenJDK 64-Bit Server VM (25.202-b03 mixed mode windows-amd64 compressed oops)
Heap:
 PSYoungGen      total 189440K, used 50937K [0x00000000e0000000, 0x00000000ef180000, 0x0000000100000000)
  eden space 168960K, 18% used [0x00000000e0000000,0x00000000e1dc3cb8,0x00000000ea500000)
  from space 20480K, 99% used [0x00000000ea500000,0x00000000eb8fa8e0,0x00000000eb900000)
  to   space 26624K, 0% used [0x00000000ed780000,0x00000000ed780000,0x00000000ef180000)
 ParOldGen       total 151040K, used 45458K [0x00000000a0000000, 0x00000000a9380000, 0x00000000e0000000)
  object space 151040K, 30% used [0x00000000a0000000,0x00000000a2c64bf8,0x00000000a9380000)
 Metaspace       used 70750K, capacity 74026K, committed 74368K, reserved 1114112K
  class space    used 9399K, capacity 10023K, committed 10112K, reserved 1048576K
GC Heap History (10 events):
Event: 7.537 GC heap before
{Heap before GC invocations=14 (full 2):
 PSYoungGen      total 146944K, used 97938K [0x00000000e0000000, 0x00000000eb400000, 0x0000000100000000)
  eden space 133120K, 63% used [0x00000000e0000000,0x00000000e522c388,0x00000000e8200000)
  from space 13824K, 99% used [0x00000000e8200000,0x00000000e8f78658,0x00000000e8f80000)
  to   space 18432K, 0% used [0x00000000ea200000,0x00000000ea200000,0x00000000eb400000)
 ParOldGen       total 97280K, used 25900K [0x00000000a0000000, 0x00000000a5f00000, 0x00000000e0000000)
  object space 97280K, 26% used [0x00000000a0000000,0x00000000a194b0d8,0x00000000a5f00000)
 Metaspace       used 57075K, capacity 59040K, committed 59096K, reserved 1099776K
  class space    used 7834K, capacity 8280K, committed 8320K, reserved 1048576K
Event: 7.550 GC heap after
Heap after GC invocations=14 (full 2):
 PSYoungGen      total 166400K, used 6866K [0x00000000e0000000, 0x00000000ec080000, 0x0000000100000000)
  eden space 147968K, 0% used [0x00000000e0000000,0x00000000e0000000,0x00000000e9080000)
  from space 18432K, 37% used [0x00000000ea200000,0x00000000ea8b4a00,0x00000000eb400000)
  to   space 17920K, 0% used [0x00000000e9080000,0x00000000e9080000,0x00000000ea200000)
 ParOldGen       total 97280K, used 33210K [0x00000000a0000000, 0x00000000a5f00000, 0x00000000e0000000)
  object space 97280K, 34% used [0x00000000a0000000,0x00000000a206e9a8,0x00000000a5f00000)
 Metaspace       used 57075K, capacity 59040K, committed 59096K, reserved 1099776K
  class space    used 7834K, capacity 8280K, committed 8320K, reserved 1048576K
}
Event: 7.550 GC heap before
{Heap before GC invocations=15 (full 3):
 PSYoungGen      total 166400K, used 6866K [0x00000000e0000000, 0x00000000ec080000, 0x0000000100000000)
  eden space 147968K, 0% used [0x00000000e0000000,0x00000000e0000000,0x00000000e9080000)
  from space 18432K, 37% used [0x00000000ea200000,0x00000000ea8b4a00,0x00000000eb400000)
  to   space 17920K, 0% used [0x00000000e9080000,0x00000000e9080000,0x00000000ea200000)
 ParOldGen       total 97280K, used 33210K [0x00000000a0000000, 0x00000000a5f00000, 0x00000000e0000000)
  object space 97280K, 34% used [0x00000000a0000000,0x00000000a206e9a8,0x00000000a5f00000)
 Metaspace       used 57075K, capacity 59040K, committed 59096K, reserved 1099776K
  class space    used 7834K, capacity 8280K, committed 8320K, reserved 1048576K
Event: 7.760 GC heap after
Heap after GC invocations=15 (full 3):
 PSYoungGen      total 166400K, used 0K [0x00000000e0000000, 0x00000000ec080000, 0x0000000100000000)
  eden space 147968K, 0% used [0x00000000e0000000,0x00000000e0000000,0x00000000e9080000)
  from space 18432K, 0% used [0x00000000ea200000,0x00000000ea200000,0x00000000eb400000)
  to   space 17920K, 0% used [0x00000000e9080000,0x00000000e9080000,0x00000000ea200000)
 ParOldGen       total 151040K, used 35588K [0x00000000a0000000, 0x00000000a9380000, 0x00000000e0000000)
  object space 151040K, 23% used [0x00000000a0000000,0x00000000a22c1180,0x00000000a9380000)
 Metaspace       used 57058K, capacity 58986K, committed 59096K, reserved 1099776K
  class space    used 7830K, capacity 8271K, committed 8320K, reserved 1048576K
}
Event: 9.052 GC heap before
{Heap before GC invocations=16 (full 3):
 PSYoungGen      total 166400K, used 147968K [0x00000000e0000000, 0x00000000ec080000, 0x0000000100000000)
  eden space 147968K, 100% used [0x00000000e0000000,0x00000000e9080000,0x00000000e9080000)
  from space 18432K, 0% used [0x00000000ea200000,0x00000000ea200000,0x00000000eb400000)
  to   space 17920K, 0% used [0x00000000e9080000,0x00000000e9080000,0x00000000ea200000)
 ParOldGen       total 151040K, used 35588K [0x00000000a0000000, 0x00000000a9380000, 0x00000000e0000000)
  object space 151040K, 23% used [0x00000000a0000000,0x00000000a22c1180,0x00000000a9380000)
 Metaspace       used 62805K, capacity 65402K, committed 65536K, reserved 1105920K
  class space    used 8646K, capacity 9177K, committed 9216K, reserved 1048576K
Event: 9.060 GC heap after
Heap after GC invocations=16 (full 3):
 PSYoungGen      total 165888K, used 11516K [0x00000000e0000000, 0x00000000ecb00000, 0x0000000100000000)
  eden space 147968K, 0% used [0x00000000e0000000,0x00000000e0000000,0x00000000e9080000)
  from space 17920K, 64% used [0x00000000e9080000,0x00000000e9bbf310,0x00000000ea200000)
  to   space 17920K, 0% used [0x00000000eb980000,0x00000000eb980000,0x00000000ecb00000)
 ParOldGen       total 151040K, used 35596K [0x00000000a0000000, 0x00000000a9380000, 0x00000000e0000000)
  object space 151040K, 23% used [0x00000000a0000000,0x00000000a22c3180,0x00000000a9380000)
 Metaspace       used 62805K, capacity 65402K, committed 65536K, reserved 1105920K
  class space    used 8646K, capacity 9177K, committed 9216K, reserved 1048576K
}
Event: 13.874 GC heap before
{Heap before GC invocations=17 (full 3):
 PSYoungGen      total 165888K, used 159484K [0x00000000e0000000, 0x00000000ecb00000, 0x0000000100000000)
  eden space 147968K, 100% used [0x00000000e0000000,0x00000000e9080000,0x00000000e9080000)
  from space 17920K, 64% used [0x00000000e9080000,0x00000000e9bbf310,0x00000000ea200000)
  to   space 17920K, 0% used [0x00000000eb980000,0x00000000eb980000,0x00000000ecb00000)
 ParOldGen       total 151040K, used 35596K [0x00000000a0000000, 0x00000000a9380000, 0x00000000e0000000)
  object space 151040K, 23% used [0x00000000a0000000,0x00000000a22c3180,0x00000000a9380000)
 Metaspace       used 68884K, capacity 72062K, committed 72192K, reserved 1112064K
  class space    used 9227K, capacity 9861K, committed 9984K, reserved 1048576K
Event: 13.891 GC heap after
Heap after GC invocations=17 (full 3):
 PSYoungGen      total 186880K, used 17913K [0x00000000e0000000, 0x00000000ecd00000, 0x0000000100000000)
  eden space 168960K, 0% used [0x00000000e0000000,0x00000000e0000000,0x00000000ea500000)
  from space 17920K, 99% used [0x00000000eb980000,0x00000000ecafe5d0,0x00000000ecb00000)
  to   space 20480K, 0% used [0x00000000ea500000,0x00000000ea500000,0x00000000eb900000)
 ParOldGen       total 151040K, used 35932K [0x00000000a0000000, 0x00000000a9380000, 0x00000000e0000000)
  object space 151040K, 23% used [0x00000000a0000000,0x00000000a2317078,0x00000000a9380000)
 Metaspace       used 68884K, capacity 72062K, committed 72192K, reserved 1112064K
  class space    used 9227K, capacity 9861K, committed 9984K, reserved 1048576K
}
Event: 15.332 GC heap before
{Heap before GC invocations=18 (full 3):
 PSYoungGen      total 186880K, used 186873K [0x00000000e0000000, 0x00000000ecd00000, 0x0000000100000000)
  eden space 168960K, 100% used [0x00000000e0000000,0x00000000ea500000,0x00000000ea500000)
  from space 17920K, 99% used [0x00000000eb980000,0x00000000ecafe5d0,0x00000000ecb00000)
  to   space 20480K, 0% used [0x00000000ea500000,0x00000000ea500000,0x00000000eb900000)
 ParOldGen       total 151040K, used 35932K [0x00000000a0000000, 0x00000000a9380000, 0x00000000e0000000)
  object space 151040K, 23% used [0x00000000a0000000,0x00000000a2317078,0x00000000a9380000)
 Metaspace       used 70585K, capacity 73828K, committed 74112K, reserved 1114112K
  class space    used 9384K, capacity 10022K, committed 10112K, reserved 1048576K
Event: 15.352 GC heap after
Heap after GC invocations=18 (full 3):
 PSYoungGen      total 189440K, used 20458K [0x00000000e0000000, 0x00000000ef180000, 0x0000000100000000)
  eden space 168960K, 0% used [0x00000000e0000000,0x00000000e0000000,0x00000000ea500000)
  from space 20480K, 99% used [0x00000000ea500000,0x00000000eb8fa8e0,0x00000000eb900000)
  to   space 26624K, 0% used [0x00000000ed780000,0x00000000ed780000,0x00000000ef180000)
 ParOldGen       total 151040K, used 45458K [0x00000000a0000000, 0x00000000a9380000, 0x00000000e0000000)
  object space 151040K, 30% used [0x00000000a0000000,0x00000000a2c64bf8,0x00000000a9380000)
 Metaspace       used 70585K, capacity 73828K, committed 74112K, reserved 1114112K
  class space    used 9384K, capacity 10022K, committed 10112K, reserved 1048576K
}

