# JRE version: OpenJDK Runtime Environment (8.0_202-b03) (build 1.8.0_202-release-1483-b03)
# Java VM: OpenJDK 64-Bit Server VM (25.202-b03 mixed mode windows-amd64 compressed oops)
Heap:
 PSYoungGen      total 244224K, used 229315K [0x00000000e0000000, 0x00000000f0b80000, 0x0000000100000000)
  eden space 221696K, 93% used [0x00000000e0000000,0x00000000ec9f42c0,0x00000000ed880000)
  from space 22528K, 99% used [0x00000000ef400000,0x00000000f09fc9f8,0x00000000f0a00000)
  to   space 26112K, 0% used [0x00000000ed880000,0x00000000ed880000,0x00000000ef200000)
 ParOldGen       total 150016K, used 41292K [0x00000000a0000000, 0x00000000a9280000, 0x00000000e0000000)
  object space 150016K, 27% used [0x00000000a0000000,0x00000000a28533e8,0x00000000a9280000)
 Metaspace       used 71844K, capacity 75078K, committed 75264K, reserved 1114112K
  class space    used 9518K, capacity 10169K, committed 10240K, reserved 1048576K
GC Heap History (10 events):
Event: 4.752 GC heap before
{Heap before GC invocations=11 (full 2):
 PSYoungGen      total 166912K, used 153088K [0x00000000e0000000, 0x00000000ee780000, 0x0000000100000000)
  eden space 153088K, 100% used [0x00000000e0000000,0x00000000e9580000,0x00000000e9580000)
  from space 13824K, 0% used [0x00000000ea280000,0x00000000ea280000,0x00000000eb000000)
  to   space 13312K, 0% used [0x00000000e9580000,0x00000000e9580000,0x00000000ea280000)
 ParOldGen       total 93696K, used 15700K [0x00000000a0000000, 0x00000000a5b80000, 0x00000000e0000000)
  object space 93696K, 16% used [0x00000000a0000000,0x00000000a0f550a0,0x00000000a5b80000)
 Metaspace       used 46268K, capacity 47790K, committed 47872K, reserved 1091584K
  class space    used 6262K, capacity 6601K, committed 6656K, reserved 1048576K
Event: 4.769 GC heap after
Heap after GC invocations=11 (full 2):
 PSYoungGen      total 166400K, used 13301K [0x00000000e0000000, 0x00000000ee200000, 0x0000000100000000)
  eden space 153088K, 0% used [0x00000000e0000000,0x00000000e0000000,0x00000000e9580000)
  from space 13312K, 99% used [0x00000000e9580000,0x00000000ea27d758,0x00000000ea280000)
  to   space 17408K, 0% used [0x00000000ed100000,0x00000000ed100000,0x00000000ee200000)
 ParOldGen       total 93696K, used 21047K [0x00000000a0000000, 0x00000000a5b80000, 0x00000000e0000000)
  object space 93696K, 22% used [0x00000000a0000000,0x00000000a148dd20,0x00000000a5b80000)
 Metaspace       used 46268K, capacity 47790K, committed 47872K, reserved 1091584K
  class space    used 6262K, capacity 6601K, committed 6656K, reserved 1048576K
}
Event: 6.137 GC heap before
{Heap before GC invocations=12 (full 2):
 PSYoungGen      total 166400K, used 164757K [0x00000000e0000000, 0x00000000ee200000, 0x0000000100000000)
  eden space 153088K, 98% used [0x00000000e0000000,0x00000000e93e8038,0x00000000e9580000)
  from space 13312K, 99% used [0x00000000e9580000,0x00000000ea27d758,0x00000000ea280000)
  to   space 17408K, 0% used [0x00000000ed100000,0x00000000ed100000,0x00000000ee200000)
 ParOldGen       total 93696K, used 21047K [0x00000000a0000000, 0x00000000a5b80000, 0x00000000e0000000)
  object space 93696K, 22% used [0x00000000a0000000,0x00000000a148dd20,0x00000000a5b80000)
 Metaspace       used 56887K, capacity 58980K, committed 59096K, reserved 1099776K
  class space    used 7809K, capacity 8246K, committed 8320K, reserved 1048576K
Event: 6.161 GC heap after
Heap after GC invocations=12 (full 2):
 PSYoungGen      total 208896K, used 17404K [0x00000000e0000000, 0x00000000eeb00000, 0x0000000100000000)
  eden space 191488K, 0% used [0x00000000e0000000,0x00000000e0000000,0x00000000ebb00000)
  from space 17408K, 99% used [0x00000000ed100000,0x00000000ee1ff330,0x00000000ee200000)
  to   space 22528K, 0% used [0x00000000ebb00000,0x00000000ebb00000,0x00000000ed100000)
 ParOldGen       total 93696K, used 29323K [0x00000000a0000000, 0x00000000a5b80000, 0x00000000e0000000)
  object space 93696K, 31% used [0x00000000a0000000,0x00000000a1ca2c38,0x00000000a5b80000)
 Metaspace       used 56887K, capacity 58980K, committed 59096K, reserved 1099776K
  class space    used 7809K, capacity 8246K, committed 8320K, reserved 1048576K
}
Event: 6.161 GC heap before
{Heap before GC invocations=13 (full 3):
 PSYoungGen      total 208896K, used 17404K [0x00000000e0000000, 0x00000000eeb00000, 0x0000000100000000)
  eden space 191488K, 0% used [0x00000000e0000000,0x00000000e0000000,0x00000000ebb00000)
  from space 17408K, 99% used [0x00000000ed100000,0x00000000ee1ff330,0x00000000ee200000)
  to   space 22528K, 0% used [0x00000000ebb00000,0x00000000ebb00000,0x00000000ed100000)
 ParOldGen       total 93696K, used 29323K [0x00000000a0000000, 0x00000000a5b80000, 0x00000000e0000000)
  object space 93696K, 31% used [0x00000000a0000000,0x00000000a1ca2c38,0x00000000a5b80000)
 Metaspace       used 56887K, capacity 58980K, committed 59096K, reserved 1099776K
  class space    used 7809K, capacity 8246K, committed 8320K, reserved 1048576K
Event: 6.366 GC heap after
Heap after GC invocations=13 (full 3):
 PSYoungGen      total 208896K, used 0K [0x00000000e0000000, 0x00000000eeb00000, 0x0000000100000000)
  eden space 191488K, 0% used [0x00000000e0000000,0x00000000e0000000,0x00000000ebb00000)
  from space 17408K, 0% used [0x00000000ed100000,0x00000000ed100000,0x00000000ee200000)
  to   space 22528K, 0% used [0x00000000ebb00000,0x00000000ebb00000,0x00000000ed100000)
 ParOldGen       total 150016K, used 40154K [0x00000000a0000000, 0x00000000a9280000, 0x00000000e0000000)
  object space 150016K, 26% used [0x00000000a0000000,0x00000000a2736890,0x00000000a9280000)
 Metaspace       used 56857K, capacity 58878K, committed 59096K, reserved 1099776K
  class space    used 7800K, capacity 8229K, committed 8320K, reserved 1048576K
}
Event: 7.913 GC heap before
{Heap before GC invocations=14 (full 3):
 PSYoungGen      total 208896K, used 191488K [0x00000000e0000000, 0x00000000eeb00000, 0x0000000100000000)
  eden space 191488K, 100% used [0x00000000e0000000,0x00000000ebb00000,0x00000000ebb00000)
  from space 17408K, 0% used [0x00000000ed100000,0x00000000ed100000,0x00000000ee200000)
  to   space 22528K, 0% used [0x00000000ebb00000,0x00000000ebb00000,0x00000000ed100000)
 ParOldGen       total 150016K, used 40154K [0x00000000a0000000, 0x00000000a9280000, 0x00000000e0000000)
  object space 150016K, 26% used [0x00000000a0000000,0x00000000a2736890,0x00000000a9280000)
 Metaspace       used 63936K, capacity 66564K, committed 66688K, reserved 1105920K
  class space    used 8743K, capacity 9248K, committed 9344K, reserved 1048576K
Event: 7.927 GC heap after
Heap after GC invocations=14 (full 3):
 PSYoungGen      total 214016K, used 14135K [0x00000000e0000000, 0x00000000f0a00000, 0x0000000100000000)
  eden space 191488K, 0% used [0x00000000e0000000,0x00000000e0000000,0x00000000ebb00000)
  from space 22528K, 62% used [0x00000000ebb00000,0x00000000ec8cdfb8,0x00000000ed100000)
  to   space 22528K, 0% used [0x00000000ef400000,0x00000000ef400000,0x00000000f0a00000)
 ParOldGen       total 150016K, used 40162K [0x00000000a0000000, 0x00000000a9280000, 0x00000000e0000000)
  object space 150016K, 26% used [0x00000000a0000000,0x00000000a2738890,0x00000000a9280000)
 Metaspace       used 63936K, capacity 66564K, committed 66688K, reserved 1105920K
  class space    used 8743K, capacity 9248K, committed 9344K, reserved 1048576K
}
Event: 16.040 GC heap before
{Heap before GC invocations=15 (full 3):
 PSYoungGen      total 214016K, used 205623K [0x00000000e0000000, 0x00000000f0a00000, 0x0000000100000000)
  eden space 191488K, 100% used [0x00000000e0000000,0x00000000ebb00000,0x00000000ebb00000)
  from space 22528K, 62% used [0x00000000ebb00000,0x00000000ec8cdfb8,0x00000000ed100000)
  to   space 22528K, 0% used [0x00000000ef400000,0x00000000ef400000,0x00000000f0a00000)
 ParOldGen       total 150016K, used 40162K [0x00000000a0000000, 0x00000000a9280000, 0x00000000e0000000)
  object space 150016K, 26% used [0x00000000a0000000,0x00000000a2738890,0x00000000a9280000)
 Metaspace       used 69406K, capacity 72564K, committed 72704K, reserved 1112064K
  class space    used 9274K, capacity 9908K, committed 9984K, reserved 1048576K
Event: 16.063 GC heap after
Heap after GC invocations=15 (full 3):
 PSYoungGen      total 244224K, used 22514K [0x00000000e0000000, 0x00000000f0b80000, 0x0000000100000000)
  eden space 221696K, 0% used [0x00000000e0000000,0x00000000e0000000,0x00000000ed880000)
  from space 22528K, 99% used [0x00000000ef400000,0x00000000f09fc9f8,0x00000000f0a00000)
  to   space 26112K, 0% used [0x00000000ed880000,0x00000000ed880000,0x00000000ef200000)
 ParOldGen       total 150016K, used 41292K [0x00000000a0000000, 0x00000000a9280000, 0x00000000e0000000)
  object space 150016K, 27% used [0x00000000a0000000,0x00000000a28533e8,0x00000000a9280000)
 Metaspace       used 69406K, capacity 72564K, committed 72704K, reserved 1112064K
  class space    used 9274K, capacity 9908K, committed 9984K, reserved 1048576K
}

