# JRE version: OpenJDK Runtime Environment (8.0_202-b03) (build 1.8.0_202-release-1483-b03)
# Java VM: OpenJDK 64-Bit Server VM (25.202-b03 mixed mode windows-amd64 compressed oops)
Heap:
 PSYoungGen      total 207872K, used 139493K [0x00000000e0000000, 0x00000000ee500000, 0x0000000100000000)
  eden space 185856K, 66% used [0x00000000e0000000,0x00000000e781a170,0x00000000eb580000)
  from space 22016K, 74% used [0x00000000eb580000,0x00000000ec59f4b0,0x00000000ecb00000)
  to   space 16896K, 0% used [0x00000000ecb00000,0x00000000ecb00000,0x00000000edb80000)
 ParOldGen       total 96768K, used 38765K [0x00000000a0000000, 0x00000000a5e80000, 0x00000000e0000000)
  object space 96768K, 40% used [0x00000000a0000000,0x00000000a25db400,0x00000000a5e80000)
 Metaspace       used 63050K, capacity 65290K, committed 65408K, reserved 1105920K
  class space    used 8509K, capacity 9013K, committed 9088K, reserved 1048576K
GC Heap History (10 events):
Event: 3.210 GC heap before
{Heap before GC invocations=10 (full 2):
 PSYoungGen      total 164352K, used 9186K [0x00000000e0000000, 0x00000000edf80000, 0x0000000100000000)
  eden space 151040K, 0% used [0x00000000e0000000,0x00000000e0000000,0x00000000e9380000)
  from space 13312K, 69% used [0x00000000ea080000,0x00000000ea9788a0,0x00000000ead80000)
  to   space 13312K, 0% used [0x00000000e9380000,0x00000000e9380000,0x00000000ea080000)
 ParOldGen       total 65536K, used 10652K [0x00000000a0000000, 0x00000000a4000000, 0x00000000e0000000)
  object space 65536K, 16% used [0x00000000a0000000,0x00000000a0a67330,0x00000000a4000000)
 Metaspace       used 34616K, capacity 35388K, committed 35456K, reserved 1079296K
  class space    used 4782K, capacity 4968K, committed 4992K, reserved 1048576K
Event: 3.266 GC heap after
Heap after GC invocations=10 (full 2):
 PSYoungGen      total 164352K, used 0K [0x00000000e0000000, 0x00000000edf80000, 0x0000000100000000)
  eden space 151040K, 0% used [0x00000000e0000000,0x00000000e0000000,0x00000000e9380000)
  from space 13312K, 0% used [0x00000000ea080000,0x00000000ea080000,0x00000000ead80000)
  to   space 13312K, 0% used [0x00000000e9380000,0x00000000e9380000,0x00000000ea080000)
 ParOldGen       total 96768K, used 16018K [0x00000000a0000000, 0x00000000a5e80000, 0x00000000e0000000)
  object space 96768K, 16% used [0x00000000a0000000,0x00000000a0fa4bc0,0x00000000a5e80000)
 Metaspace       used 34587K, capacity 35292K, committed 35456K, reserved 1079296K
  class space    used 4773K, capacity 4952K, committed 4992K, reserved 1048576K
}
Event: 4.312 GC heap before
{Heap before GC invocations=11 (full 2):
 PSYoungGen      total 164352K, used 151040K [0x00000000e0000000, 0x00000000edf80000, 0x0000000100000000)
  eden space 151040K, 100% used [0x00000000e0000000,0x00000000e9380000,0x00000000e9380000)
  from space 13312K, 0% used [0x00000000ea080000,0x00000000ea080000,0x00000000ead80000)
  to   space 13312K, 0% used [0x00000000e9380000,0x00000000e9380000,0x00000000ea080000)
 ParOldGen       total 96768K, used 16018K [0x00000000a0000000, 0x00000000a5e80000, 0x00000000e0000000)
  object space 96768K, 16% used [0x00000000a0000000,0x00000000a0fa4bc0,0x00000000a5e80000)
 Metaspace       used 48333K, capacity 49606K, committed 49664K, reserved 1091584K
  class space    used 6525K, capacity 6882K, committed 6912K, reserved 1048576K
Event: 4.330 GC heap after
Heap after GC invocations=11 (full 2):
 PSYoungGen      total 164352K, used 13305K [0x00000000e0000000, 0x00000000edb80000, 0x0000000100000000)
  eden space 151040K, 0% used [0x00000000e0000000,0x00000000e0000000,0x00000000e9380000)
  from space 13312K, 99% used [0x00000000e9380000,0x00000000ea07e600,0x00000000ea080000)
  to   space 16896K, 0% used [0x00000000ecb00000,0x00000000ecb00000,0x00000000edb80000)
 ParOldGen       total 96768K, used 21361K [0x00000000a0000000, 0x00000000a5e80000, 0x00000000e0000000)
  object space 96768K, 22% used [0x00000000a0000000,0x00000000a14dc428,0x00000000a5e80000)
 Metaspace       used 48333K, capacity 49606K, committed 49664K, reserved 1091584K
  class space    used 6525K, capacity 6882K, committed 6912K, reserved 1048576K
}
Event: 5.382 GC heap before
{Heap before GC invocations=12 (full 2):
 PSYoungGen      total 164352K, used 149792K [0x00000000e0000000, 0x00000000edb80000, 0x0000000100000000)
  eden space 151040K, 90% used [0x00000000e0000000,0x00000000e8549c90,0x00000000e9380000)
  from space 13312K, 99% used [0x00000000e9380000,0x00000000ea07e600,0x00000000ea080000)
  to   space 16896K, 0% used [0x00000000ecb00000,0x00000000ecb00000,0x00000000edb80000)
 ParOldGen       total 96768K, used 21361K [0x00000000a0000000, 0x00000000a5e80000, 0x00000000e0000000)
  object space 96768K, 22% used [0x00000000a0000000,0x00000000a14dc428,0x00000000a5e80000)
 Metaspace       used 57351K, capacity 58938K, committed 59096K, reserved 1099776K
  class space    used 7806K, capacity 8225K, committed 8320K, reserved 1048576K
Event: 5.402 GC heap after
Heap after GC invocations=12 (full 2):
 PSYoungGen      total 202752K, used 16869K [0x00000000e0000000, 0x00000000ee500000, 0x0000000100000000)
  eden space 185856K, 0% used [0x00000000e0000000,0x00000000e0000000,0x00000000eb580000)
  from space 16896K, 99% used [0x00000000ecb00000,0x00000000edb797c0,0x00000000edb80000)
  to   space 22016K, 0% used [0x00000000eb580000,0x00000000eb580000,0x00000000ecb00000)
 ParOldGen       total 96768K, used 28572K [0x00000000a0000000, 0x00000000a5e80000, 0x00000000e0000000)
  object space 96768K, 29% used [0x00000000a0000000,0x00000000a1be7338,0x00000000a5e80000)
 Metaspace       used 57351K, capacity 58938K, committed 59096K, reserved 1099776K
  class space    used 7806K, capacity 8225K, committed 8320K, reserved 1048576K
}
Event: 5.402 GC heap before
{Heap before GC invocations=13 (full 3):
 PSYoungGen      total 202752K, used 16869K [0x00000000e0000000, 0x00000000ee500000, 0x0000000100000000)
  eden space 185856K, 0% used [0x00000000e0000000,0x00000000e0000000,0x00000000eb580000)
  from space 16896K, 99% used [0x00000000ecb00000,0x00000000edb797c0,0x00000000edb80000)
  to   space 22016K, 0% used [0x00000000eb580000,0x00000000eb580000,0x00000000ecb00000)
 ParOldGen       total 96768K, used 28572K [0x00000000a0000000, 0x00000000a5e80000, 0x00000000e0000000)
  object space 96768K, 29% used [0x00000000a0000000,0x00000000a1be7338,0x00000000a5e80000)
 Metaspace       used 57351K, capacity 58938K, committed 59096K, reserved 1099776K
  class space    used 7806K, capacity 8225K, committed 8320K, reserved 1048576K
Event: 5.610 GC heap after
Heap after GC invocations=13 (full 3):
 PSYoungGen      total 202752K, used 0K [0x00000000e0000000, 0x00000000ee500000, 0x0000000100000000)
  eden space 185856K, 0% used [0x00000000e0000000,0x00000000e0000000,0x00000000eb580000)
  from space 16896K, 0% used [0x00000000ecb00000,0x00000000ecb00000,0x00000000edb80000)
  to   space 22016K, 0% used [0x00000000eb580000,0x00000000eb580000,0x00000000ecb00000)
 ParOldGen       total 96768K, used 38757K [0x00000000a0000000, 0x00000000a5e80000, 0x00000000e0000000)
  object space 96768K, 40% used [0x00000000a0000000,0x00000000a25d9400,0x00000000a5e80000)
 Metaspace       used 57351K, capacity 58938K, committed 59096K, reserved 1099776K
  class space    used 7806K, capacity 8225K, committed 8320K, reserved 1048576K
}
Event: 6.988 GC heap before
{Heap before GC invocations=14 (full 3):
 PSYoungGen      total 202752K, used 185856K [0x00000000e0000000, 0x00000000ee500000, 0x0000000100000000)
  eden space 185856K, 100% used [0x00000000e0000000,0x00000000eb580000,0x00000000eb580000)
  from space 16896K, 0% used [0x00000000ecb00000,0x00000000ecb00000,0x00000000edb80000)
  to   space 22016K, 0% used [0x00000000eb580000,0x00000000eb580000,0x00000000ecb00000)
 ParOldGen       total 96768K, used 38757K [0x00000000a0000000, 0x00000000a5e80000, 0x00000000e0000000)
  object space 96768K, 40% used [0x00000000a0000000,0x00000000a25d9400,0x00000000a5e80000)
 Metaspace       used 61916K, capacity 64178K, committed 64256K, reserved 1103872K
  class space    used 8405K, capacity 8927K, committed 8960K, reserved 1048576K
Event: 7.004 GC heap after
Heap after GC invocations=14 (full 3):
 PSYoungGen      total 207872K, used 16509K [0x00000000e0000000, 0x00000000ee500000, 0x0000000100000000)
  eden space 185856K, 0% used [0x00000000e0000000,0x00000000e0000000,0x00000000eb580000)
  from space 22016K, 74% used [0x00000000eb580000,0x00000000ec59f4b0,0x00000000ecb00000)
  to   space 16896K, 0% used [0x00000000ecb00000,0x00000000ecb00000,0x00000000edb80000)
 ParOldGen       total 96768K, used 38765K [0x00000000a0000000, 0x00000000a5e80000, 0x00000000e0000000)
  object space 96768K, 40% used [0x00000000a0000000,0x00000000a25db400,0x00000000a5e80000)
 Metaspace       used 61916K, capacity 64178K, committed 64256K, reserved 1103872K
  class space    used 8405K, capacity 8927K, committed 8960K, reserved 1048576K
}

